生成启动时间为 2020/12/1 20:50:17。
     1>项目“D:\code\上机练习\上机作业\上机作业（2）\上机作业（2）\上机作业（2）.vcxproj”在节点 2 上(Build 个目标)。
     1>ClCompile:
         D:\Program Files (x86)\Microsoft Visual Studio 12.0\VC\bin\CL.exe /c /ZI /nologo /W3 /WX- /sdl /Od /Oy- /D _UNICODE /D UNICODE /Gm /EHsc /RTC1 /MDd /GS /fp:precise /Zc:wchar_t /Zc:forScope /Fo"Debug\\" /Fd"Debug\vc120.pdb" /Gd /TC /analyze- /errorReport:prompt "调用函数.c"
         调用函数.c
     1>d:\code\上机练习\上机作业\上机作业（2）\上机作业（2）\调用函数.c(15): warning C4244: “=”: 从“float”转换到“int”，可能丢失数据
     1>d:\code\上机练习\上机作业\上机作业（2）\上机作业（2）\调用函数.c(15): warning C4244: “=”: 从“int”转换到“float”，可能丢失数据
     1>d:\code\上机练习\上机作业\上机作业（2）\上机作业（2）\调用函数.c(17): warning C4244: “=”: 从“float”转换到“int”，可能丢失数据
     1>d:\code\上机练习\上机作业\上机作业（2）\上机作业（2）\调用函数.c(17): warning C4244: “=”: 从“int”转换到“float”，可能丢失数据
     1>d:\code\上机练习\上机作业\上机作业（2）\上机作业（2）\调用函数.c(19): warning C4244: “=”: 从“float”转换到“int”，可能丢失数据
     1>d:\code\上机练习\上机作业\上机作业（2）\上机作业（2）\调用函数.c(19): warning C4244: “=”: 从“int”转换到“float”，可能丢失数据
     1>d:\code\上机练习\上机作业\上机作业（2）\上机作业（2）\调用函数.c(21): warning C4244: “=”: 从“float”转换到“int”，可能丢失数据
     1>d:\code\上机练习\上机作业\上机作业（2）\上机作业（2）\调用函数.c(21): warning C4244: “=”: 从“int”转换到“float”，可能丢失数据
       Link:
         D:\Program Files (x86)\Microsoft Visual Studio 12.0\VC\bin\link.exe /ERRORREPORT:PROMPT /OUT:"D:\code\上机练习\上机作业\上机作业（2）\Debug\上机作业（2）.exe" /INCREMENTAL /NOLOGO kernel32.lib user32.lib gdi32.lib winspool.lib comdlg32.lib advapi32.lib shell32.lib ole32.lib oleaut32.lib uuid.lib odbc32.lib odbccp32.lib /MANIFEST /MANIFESTUAC:"level='asInvoker' uiAccess='false'" /manifest:embed /DEBUG /PDB:"D:\code\上机练习\上机作业\上机作业（2）\Debug\上机作业（2）.pdb" /SUBSYSTEM:CONSOLE /TLBID:1 /DYNAMICBASE /NXCOMPAT /IMPLIB:"D:\code\上机练习\上机作业\上机作业（2）\Debug\上机作业（2）.lib" /MACHINE:X86 "Debug\作业一(地址传递）.obj"
         "Debug\作业一（值传递）.obj"
         "Debug\作业二.obj"
         "Debug\调用函数.obj"
         上机作业（2）.vcxproj -> D:\code\上机练习\上机作业\上机作业（2）\Debug\上机作业（2）.exe
     1>已完成生成项目“D:\code\上机练习\上机作业\上机作业（2）\上机作业（2）\上机作业（2）.vcxproj”(Build 个目标)的操作。

生成成功。

已用时间 00:00:00.65
